Performing C SOURCE FILE Test CMAKE_HAVE_LIBC_PTHREAD failed with the following output:
Change Dir: /home/jeremie/OpenGL/projet1/cmake-build-debug/CMakeFiles/CMakeTmp

Run Build Command(s):/usr/bin/make cmTC_f654e/fast && /usr/bin/make -f CMakeFiles/cmTC_f654e.dir/build.make CMakeFiles/cmTC_f654e.dir/build
make[1] : on entre dans le répertoire « /home/jeremie/OpenGL/projet1/cmake-build-debug/CMakeFiles/CMakeTmp »
Building C object CMakeFiles/cmTC_f654e.dir/src.c.o
/usr/bin/cc   -DCMAKE_HAVE_LIBC_PTHREAD   -o CMakeFiles/cmTC_f654e.dir/src.c.o   -c /home/jeremie/OpenGL/projet1/cmake-build-debug/CMakeFiles/CMakeTmp/src.c
Linking C executable cmTC_f654e
/home/jeremie/.local/share/JetBrains/Toolbox/apps/CLion/ch-0/201.7846.88/bin/cmake/linux/bin/cmake -E cmake_link_script CMakeFiles/cmTC_f654e.dir/link.txt --verbose=1
/usr/bin/cc  -DCMAKE_HAVE_LIBC_PTHREAD    CMakeFiles/cmTC_f654e.dir/src.c.o  -o cmTC_f654e 
/usr/bin/ld : CMakeFiles/cmTC_f654e.dir/src.c.o : dans la fonction « main » :
src.c:(.text+0x46) : référence indéfinie vers « pthread_create »
/usr/bin/ld : src.c:(.text+0x52) : référence indéfinie vers « pthread_detach »
/usr/bin/ld : src.c:(.text+0x63) : référence indéfinie vers « pthread_join »
collect2: error: ld returned 1 exit status
make[1]: *** [CMakeFiles/cmTC_f654e.dir/build.make:87: cmTC_f654e] Error 1
make[1] : on quitte le répertoire « /home/jeremie/OpenGL/projet1/cmake-build-debug/CMakeFiles/CMakeTmp »
make: *** [Makefile:121: cmTC_f654e/fast] Error 2


Source file was:
#include <pthread.h>

void* test_func(void* data)
{
  return data;
}

int main(void)
{
  pthread_t thread;
  pthread_create(&thread, NULL, test_func, NULL);
  pthread_detach(thread);
  pthread_join(thread, NULL);
  pthread_atfork(NULL, NULL, NULL);
  pthread_exit(NULL);

  return 0;
}

Determining if the function pthread_create exists in the pthreads failed with the following output:
Change Dir: /home/jeremie/OpenGL/projet1/cmake-build-debug/CMakeFiles/CMakeTmp

Run Build Command(s):/usr/bin/make cmTC_98c50/fast && /usr/bin/make -f CMakeFiles/cmTC_98c50.dir/build.make CMakeFiles/cmTC_98c50.dir/build
make[1] : on entre dans le répertoire « /home/jeremie/OpenGL/projet1/cmake-build-debug/CMakeFiles/CMakeTmp »
Building C object CMakeFiles/cmTC_98c50.dir/CheckFunctionExists.c.o
/usr/bin/cc   -DCHECK_FUNCTION_EXISTS=pthread_create   -o CMakeFiles/cmTC_98c50.dir/CheckFunctionExists.c.o   -c /home/jeremie/.local/share/JetBrains/Toolbox/apps/CLion/ch-0/201.7846.88/bin/cmake/linux/share/cmake-3.16/Modules/CheckFunctionExists.c
Linking C executable cmTC_98c50
/home/jeremie/.local/share/JetBrains/Toolbox/apps/CLion/ch-0/201.7846.88/bin/cmake/linux/bin/cmake -E cmake_link_script CMakeFiles/cmTC_98c50.dir/link.txt --verbose=1
/usr/bin/cc  -DCHECK_FUNCTION_EXISTS=pthread_create    CMakeFiles/cmTC_98c50.dir/CheckFunctionExists.c.o  -o cmTC_98c50  -lpthreads 
/usr/bin/ld : ne peut trouver -lpthreads
collect2: error: ld returned 1 exit status
make[1]: *** [CMakeFiles/cmTC_98c50.dir/build.make:87: cmTC_98c50] Error 1
make[1] : on quitte le répertoire « /home/jeremie/OpenGL/projet1/cmake-build-debug/CMakeFiles/CMakeTmp »
make: *** [Makefile:121: cmTC_98c50/fast] Error 2



